<?xml version="1.0" encoding="UTF-8"?>
<!-- Generated by org.testng.reporters.JUnitReportReporter -->
<testsuite hostname="PoojaAbhay" failures="0" tests="3" name="com.amazon.testcases.ShoppingCartTest" time="81.988" errors="0" timestamp="2023-07-19T15:28:10 EDT" skipped="0">
  <testcase classname="com.amazon.testcases.ShoppingCartTest" name="verify_Functionality_of_Adding_Item_To_The_Cart" time="22.244"/>
  <testcase classname="com.amazon.testcases.ShoppingCartTest" name="verify_Functionality_of_Removing_Item_From_The_Cart" time="33.492"/>
  <testcase classname="com.amazon.testcases.ShoppingCartTest" name="verify_Functionality_of_Adding_Multiple_Item_To_The_Cart" time="26.252"/>
</testsuite> <!-- com.amazon.testcases.ShoppingCartTest -->
