<?xml version="1.0" encoding="UTF-8"?>
<!-- Generated by org.testng.reporters.JUnitReportReporter -->
<testsuite hostname="PoojaAbhay" failures="0" tests="1" name="com.amazon.testcases.ProductSearchTest" time="16.446" errors="0" timestamp="2023-07-19T15:28:10 EDT" skipped="0">
  <testcase classname="com.amazon.testcases.ProductSearchTest" name="verify_Functionality_of_Searching_And_Adding_Item_To_The_Cart" time="16.446"/>
</testsuite> <!-- com.amazon.testcases.ProductSearchTest -->
