<?xml version="1.0" encoding="UTF-8"?>
<!-- Generated by org.testng.reporters.JUnitReportReporter -->
<testsuite hostname="PoojaAbhay" failures="0" tests="1" name="com.amazon.testcases.CouponsTest" time="7.689" errors="0" timestamp="2023-07-19T15:28:10 EDT" skipped="0">
  <testcase classname="com.amazon.testcases.CouponsTest" name="verify_availability_of_coupons" time="7.689"/>
</testsuite> <!-- com.amazon.testcases.CouponsTest -->
