<?xml version="1.0" encoding="UTF-8"?>
<!-- Generated by org.testng.reporters.JUnitReportReporter -->
<testsuite hostname="PoojaAbhay" failures="0" tests="1" name="com.amazon.testcases.HomepageTest" time="7.955" errors="0" timestamp="2023-07-19T15:28:10 EDT" skipped="0">
  <testcase classname="com.amazon.testcases.HomepageTest" name="basic_Test_To_Validate_Homepage" time="7.955"/>
</testsuite> <!-- com.amazon.testcases.HomepageTest -->
